<?xml version="1.0" encoding="UTF-8"?>
<!-- Generated by org.testng.reporters.JUnitReportReporter -->
<testsuite hostname="asustuf" failures="0" tests="1" name="ru.infotecs.intern.command.AddCommandTest" time="0.080" errors="0" timestamp="2024-08-26T00:51:03 SAMT" skipped="0">
  <testcase classname="ru.infotecs.intern.command.AddCommandTest" name="checkIncorrectId" time="0.080"/>
  <system-out/>
</testsuite> <!-- ru.infotecs.intern.command.AddCommandTest -->
