<?xml version="1.0" encoding="UTF-8"?>
<!-- Generated by org.testng.reporters.JUnitReportReporter -->
<testsuite hostname="asustuf" failures="0" tests="2" name="ru.infotecs.intern.util.JsonConverterTest" time="0.097" errors="0" timestamp="2024-08-26T00:51:03 SAMT" skipped="0">
  <testcase classname="ru.infotecs.intern.util.JsonConverterTest" name="checkConvertUserToJson" time="0.030"/>
  <system-out/>
  <testcase classname="ru.infotecs.intern.util.JsonConverterTest" name="checkConvertJsonToUser" time="0.067"/>
  <system-out/>
</testsuite> <!-- ru.infotecs.intern.util.JsonConverterTest -->
