<?xml version="1.0" encoding="UTF-8"?>
<!-- Generated by org.testng.reporters.JUnitReportReporter -->
<testsuite hostname="asustuf" failures="0" tests="2" name="ru.infotecs.intern.command.ShowCommandTest" time="0.002" errors="0" timestamp="2024-08-26T00:51:03 SAMT" skipped="0">
  <testcase classname="ru.infotecs.intern.command.ShowCommandTest" name="checkOfCommandExecution" time="0.002"/>
  <system-out/>
  <testcase classname="ru.infotecs.intern.command.ShowCommandTest" name="checkOfCommandExecutionOnEmptyFile" time="0.000"/>
  <system-out/>
</testsuite> <!-- ru.infotecs.intern.command.ShowCommandTest -->
