<?xml version="1.0" encoding="UTF-8"?>
<!-- Generated by org.testng.reporters.JUnitReportReporter -->
<testsuite hostname="asustuf" failures="0" tests="3" name="ru.infotecs.intern.command.GetInfoCommandTest" time="0.006" errors="0" timestamp="2024-08-26T00:51:03 SAMT" skipped="0">
  <testcase classname="ru.infotecs.intern.command.GetInfoCommandTest" name="checkIncorrectId" time="0.001"/>
  <system-out/>
  <testcase classname="ru.infotecs.intern.command.GetInfoCommandTest" name="checkIncorrectFormatId" time="0.002"/>
  <system-out/>
  <testcase classname="ru.infotecs.intern.command.GetInfoCommandTest" name="checkCorrectId" time="0.003"/>
  <system-out/>
</testsuite> <!-- ru.infotecs.intern.command.GetInfoCommandTest -->
